<?xml version="1.0" encoding="UTF-8"?>
<!-- Generated by org.testng.reporters.JUnitReportReporter -->
<testsuite skipped="0" hostname="DESKTOP-13DJ6LQ" name="iso.edu.vn.Lab5.GroupExampleTest" tests="4" failures="0" timestamp="2020-06-09T15:40:39 ICT" time="0.028" errors="0">
  <testcase name="testCase4" time="0.002" classname="iso.edu.vn.Lab5.GroupExampleTest"/>
  <system-out/>
  <testcase name="testCase3" time="0.004" classname="iso.edu.vn.Lab5.GroupExampleTest"/>
  <system-out/>
  <testcase name="testCase1" time="0.018" classname="iso.edu.vn.Lab5.GroupExampleTest"/>
  <system-out/>
  <testcase name="testCase2" time="0.004" classname="iso.edu.vn.Lab5.GroupExampleTest"/>
  <system-out/>
</testsuite> <!-- iso.edu.vn.Lab5.GroupExampleTest -->
