<?xml version="1.0" encoding="UTF-8"?>
<!-- Generated by org.testng.reporters.JUnitReportReporter -->
<testsuite skipped="0" hostname="DESKTOP-13DJ6LQ" name="iso.edu.vn.Lab5.GoogleSearchTest" tests="1" failures="0" timestamp="2020-06-11T16:24:40 ICT" time="127.154" errors="0">
  <testcase name="testSearch" time="127.154" classname="iso.edu.vn.Lab5.GoogleSearchTest"/>
  <system-out/>
</testsuite> <!-- iso.edu.vn.Lab5.GoogleSearchTest -->
