<?xml version="1.0" encoding="UTF-8"?>
<!-- Generated by org.testng.reporters.JUnitReportReporter -->
<testsuite skipped="0" hostname="DESKTOP-13DJ6LQ" name="iso.edu.vn.Lab5.SinpleTest" tests="2" failures="0" timestamp="2020-06-09T15:39:12 ICT" time="0.013" errors="0">
  <testcase name="Test1" time="0.011" classname="iso.edu.vn.Lab5.SinpleTest"/>
  <system-out/>
  <testcase name="Test2" time="0.002" classname="iso.edu.vn.Lab5.SinpleTest"/>
  <system-out/>
</testsuite> <!-- iso.edu.vn.Lab5.SinpleTest -->
